app/manifest-merger-release-report.txt
-- Merging decision tree log ---
manifest
ADDED from AndroidManifest.xml:1:1
	xmlns:android
		ADDED from AndroidManifest.xml:1:11
	package
		ADDED from AndroidManifest.xml:2:5
		INJECTED from AndroidManifest.xml:0:0
		INJECTED from AndroidManifest.xml:0:0
	android:versionName
		INJECTED from AndroidManifest.xml:0:0
		INJECTED from AndroidManifest.xml:0:0
	android:versionCode
		INJECTED from AndroidManifest.xml:0:0
		INJECTED from AndroidManifest.xml:0:0
uses-feature#android.hardware.camera
ADDED from AndroidManifest.xml:4:5
	android:required
		ADDED from AndroidManifest.xml:4:58
	android:name
		ADDED from AndroidManifest.xml:4:19
uses-feature#0x00020000
ADDED from AndroidManifest.xml:5:5
	android:required
		ADDED from AndroidManifest.xml:5:52
	android:glEsVersion
		ADDED from AndroidManifest.xml:5:19
permission#com.power2sme.android.permission.MAPS_RECEIVE
ADDED from AndroidManifest.xml:8:5
	android:protectionLevel
		ADDED from AndroidManifest.xml:10:9
	android:name
		ADDED from AndroidManifest.xml:9:9
uses-permission#com.power2sme.android.permission.MAPS_RECEIVE
ADDED from AndroidManifest.xml:11:5
	android:name
		ADDED from AndroidManifest.xml:11:22
uses-permission#com.google.android.providers.gsf.permission.READ_GSERVICES
ADDED from AndroidManifest.xml:13:5
	android:name
		ADDED from AndroidManifest.xml:13:22
uses-permission#android.permission.ACCESS_COARSE_LOCATION
ADDED from AndroidManifest.xml:14:5
	android:name
		ADDED from AndroidManifest.xml:14:22
uses-permission#android.permission.ACCESS_FINE_LOCATION
ADDED from AndroidManifest.xml:15:5
	android:name
		ADDED from AndroidManifest.xml:15:22
uses-permission#android.permission.WRITE_EXTERNAL_STORAGE
ADDED from AndroidManifest.xml:17:5
	android:name
		ADDED from AndroidManifest.xml:17:22
uses-permission#android.permission.INTERNET
ADDED from AndroidManifest.xml:18:5
MERGED from com.crashlytics.sdk.android:crashlytics:2.3.2:9:5
MERGED from com.crashlytics.sdk.android:crashlytics-core:2.3.2:9:5
MERGED from Power2SME:RSSReaderLibrary:unspecified:9:5
MERGED from Power2SME:LinkedinLibrary:unspecified:11:5
	android:name
		ADDED from AndroidManifest.xml:18:22
uses-permission#android.permission.ACCESS_NETWORK_STATE
ADDED from AndroidManifest.xml:19:5
	android:name
		ADDED from AndroidManifest.xml:19:22
uses-permission#android.permission.GET_ACCOUNTS
ADDED from AndroidManifest.xml:20:5
	android:name
		ADDED from AndroidManifest.xml:20:22
uses-permission#android.permission.USE_CREDENTIALS
ADDED from AndroidManifest.xml:21:5
	android:name
		ADDED from AndroidManifest.xml:21:22
uses-permission#android.permission.WAKE_LOCK
ADDED from AndroidManifest.xml:22:5
	android:name
		ADDED from AndroidManifest.xml:22:22
uses-permission#com.google.android.c2dm.permission.RECEIVE
ADDED from AndroidManifest.xml:23:5
	android:name
		ADDED from AndroidManifest.xml:23:22
uses-permission#android.permission.ACCESS_WIFI_STATE
ADDED from AndroidManifest.xml:24:5
	android:name
		ADDED from AndroidManifest.xml:24:22
uses-permission#android.permission.VIBRATE
ADDED from AndroidManifest.xml:25:5
	android:name
		ADDED from AndroidManifest.xml:25:22
permission#com.power2sme.android.permission.C2D_MESSAGE
ADDED from AndroidManifest.xml:26:5
	android:protectionLevel
		ADDED from AndroidManifest.xml:26:77
	android:name
		ADDED from AndroidManifest.xml:26:17
uses-permission#com.power2sme.android.permission.C2D_MESSAGE
ADDED from AndroidManifest.xml:27:5
	android:name
		ADDED from AndroidManifest.xml:27:22
uses-permission#android.permission.READ_EXTERNAL_STORAGE
ADDED from AndroidManifest.xml:28:5
	android:name
		ADDED from AndroidManifest.xml:28:22
uses-permission#android.permission.CALL_PHONE
ADDED from AndroidManifest.xml:29:5
	android:name
		ADDED from AndroidManifest.xml:29:22
uses-permission#android.permission.READ_PHONE_STATE
ADDED from AndroidManifest.xml:30:5
	android:name
		ADDED from AndroidManifest.xml:30:22
uses-permission#com.google.android.launcher.permission.RECEIVE_LAUNCH_BROADCASTS
ADDED from AndroidManifest.xml:31:5
	android:name
		ADDED from AndroidManifest.xml:31:22
uses-permission#com.android.launcher3.permission.RECEIVE_LAUNCH_BROADCASTS
ADDED from AndroidManifest.xml:32:5
	android:name
		ADDED from AndroidManifest.xml:32:22
uses-permission#android.permission.RECORD_AUDIO
ADDED from AndroidManifest.xml:34:5
	android:name
		ADDED from AndroidManifest.xml:34:22
uses-permission#android.permission.CAMERA
ADDED from AndroidManifest.xml:35:5
	android:name
		ADDED from AndroidManifest.xml:35:22
uses-permission#android.permission.SYSTEM_ALERT_WINDOW
ADDED from AndroidManifest.xml:36:5
	android:name
		ADDED from AndroidManifest.xml:36:22
application
ADDED from AndroidManifest.xml:38:5
MERGED from com.android.support:appcompat-v7:22.2.1:22:5
MERGED from com.android.support:support-v4:22.2.1:22:5
MERGED from com.android.support:support-v4:22.2.1:22:5
MERGED from com.google.android.gms:play-services-plus:7.0.0:19:5
MERGED from com.google.android.gms:play-services-base:7.0.0:20:5
MERGED from com.android.support:support-v4:22.2.1:22:5
MERGED from com.google.android.gms:play-services-analytics:7.0.0:19:5
MERGED from com.google.android.gms:play-services-base:7.0.0:20:5
MERGED from com.android.support:support-v4:22.2.1:22:5
MERGED from com.google.android.gms:play-services-gcm:7.0.0:19:5
MERGED from com.google.android.gms:play-services-base:7.0.0:20:5
MERGED from com.android.support:support-v4:22.2.1:22:5
MERGED from com.google.android.gms:play-services-maps:7.0.0:19:5
MERGED from com.google.android.gms:play-services-base:7.0.0:20:5
MERGED from com.android.support:support-v4:22.2.1:22:5
MERGED from com.crashlytics.sdk.android:crashlytics:2.3.2:11:5
MERGED from com.crashlytics.sdk.android:answers:1.2.2:9:5
MERGED from io.fabric.sdk.android:fabric:1.3.3:25:5
MERGED from io.fabric.sdk.android:fabric:1.3.3:25:5
MERGED from com.crashlytics.sdk.android:crashlytics-core:2.3.2:11:5
MERGED from com.crashlytics.sdk.android:answers:1.2.2:9:5
MERGED from io.fabric.sdk.android:fabric:1.3.3:25:5
MERGED from io.fabric.sdk.android:fabric:1.3.3:25:5
MERGED from com.crashlytics.sdk.android:beta:1.1.2:9:5
MERGED from com.github.johnpersano:supertoasts:1.3.4:5:5
MERGED from com.github.castorflex.smoothprogressbar:library:0.5.2:4:5
MERGED from com.facebook.android:facebook-android-sdk:3.23.1:24:5
MERGED from com.android.support:support-v4:22.2.1:22:5
MERGED from com.malinskiy:superrecyclerview:1.1.0:12:5
MERGED from com.android.support:support-v4:22.2.1:22:5
MERGED from com.android.support:appcompat-v7:22.2.1:22:5
MERGED from com.android.support:support-v4:22.2.1:22:5
MERGED from com.android.support:support-v4:22.2.1:22:5
MERGED from com.amulyakhare:com.amulyakhare.textdrawable:1.0.1:12:5
MERGED from Power2SME:RSSReaderLibrary:unspecified:11:5
MERGED from com.android.support:support-v4:22.2.1:22:5
MERGED from Power2SME:PullToRefreshLibrary:unspecified:11:5
MERGED from Power2SME:LinkedinLibrary:unspecified:13:5
MERGED from com.android.support:support-v4:22.2.1:22:5
	android:label
		ADDED from AndroidManifest.xml:40:9
	android:allowBackup
		ADDED from AndroidManifest.xml:39:9
	android:icon
		ADDED from AndroidManifest.xml:41:9
	android:theme
		ADDED from AndroidManifest.xml:42:9
	android:name
		ADDED from AndroidManifest.xml:43:9
activity#com.power2sme.android.sections.splash.SplashActivity
ADDED from AndroidManifest.xml:45:9
	android:screenOrientation
		ADDED from AndroidManifest.xml:49:13
	android:label
		ADDED from AndroidManifest.xml:47:13
	android:theme
		ADDED from AndroidManifest.xml:48:13
	android:name
		ADDED from AndroidManifest.xml:46:13
	android:launchMode
		ADDED from AndroidManifest.xml:50:13
intent-filter#android.intent.action.MAIN+android.intent.category.LAUNCHER
ADDED from AndroidManifest.xml:52:13
action#android.intent.action.MAIN
ADDED from AndroidManifest.xml:53:17
	android:name
		ADDED from AndroidManifest.xml:53:25
category#android.intent.category.LAUNCHER
ADDED from AndroidManifest.xml:54:17
	android:name
		ADDED from AndroidManifest.xml:54:27
intent-filter#android.intent.action.VIEW+android.intent.category.BROWSABLE+android.intent.category.DEFAULT
ADDED from AndroidManifest.xml:57:13
action#android.intent.action.VIEW
ADDED from AndroidManifest.xml:58:17
	android:name
		ADDED from AndroidManifest.xml:58:25
category#android.intent.category.DEFAULT
ADDED from AndroidManifest.xml:59:17
	android:name
		ADDED from AndroidManifest.xml:59:27
category#android.intent.category.BROWSABLE
ADDED from AndroidManifest.xml:60:17
	android:name
		ADDED from AndroidManifest.xml:60:27
data
ADDED from AndroidManifest.xml:62:17
	android:host
		ADDED from AndroidManifest.xml:63:21
	android:pathPrefix
		ADDED from AndroidManifest.xml:64:21
	android:scheme
		ADDED from AndroidManifest.xml:65:21
activity#com.power2sme.android.ContainerActivity
ADDED from AndroidManifest.xml:85:9
	android:screenOrientation
		ADDED from AndroidManifest.xml:87:13
	android:name
		ADDED from AndroidManifest.xml:86:13
	android:launchMode
		ADDED from AndroidManifest.xml:88:13
activity#com.facebook.LoginActivity
ADDED from AndroidManifest.xml:92:9
	android:screenOrientation
		ADDED from AndroidManifest.xml:94:13
	android:name
		ADDED from AndroidManifest.xml:93:13
activity#com.power2sme.android.utilities.social.linkedin.LinkedInLoginActivity
ADDED from AndroidManifest.xml:96:9
	android:screenOrientation
		ADDED from AndroidManifest.xml:98:13
	android:name
		ADDED from AndroidManifest.xml:97:13
activity#com.power2sme.android.sections.myorders.tracking.TrackingMapActivity
ADDED from AndroidManifest.xml:101:9
	android:screenOrientation
		ADDED from AndroidManifest.xml:103:13
	android:name
		ADDED from AndroidManifest.xml:102:13
meta-data#com.google.android.gms.version
ADDED from AndroidManifest.xml:117:9
MERGED from com.google.android.gms:play-services-base:7.0.0:21:9
MERGED from com.google.android.gms:play-services-base:7.0.0:21:9
MERGED from com.google.android.gms:play-services-base:7.0.0:21:9
MERGED from com.google.android.gms:play-services-base:7.0.0:21:9
	android:name
		ADDED from AndroidManifest.xml:117:20
	android:value
		ADDED from AndroidManifest.xml:118:13
meta-data#com.google.android.gms.analytics.globalConfigResource
ADDED from AndroidManifest.xml:120:9
	android:resource
		ADDED from AndroidManifest.xml:121:13
	android:name
		ADDED from AndroidManifest.xml:120:20
receiver#com.power2sme.android.GCMBroadcastReceiver
ADDED from AndroidManifest.xml:124:9
	android:permission
		ADDED from AndroidManifest.xml:126:13
	android:name
		ADDED from AndroidManifest.xml:125:13
intent-filter#com.google.android.c2dm.intent.RECEIVE+com.power2sme.android
ADDED from AndroidManifest.xml:127:13
action#com.google.android.c2dm.intent.RECEIVE
ADDED from AndroidManifest.xml:128:17
	android:name
		ADDED from AndroidManifest.xml:128:25
category#com.power2sme.android
ADDED from AndroidManifest.xml:129:17
	android:name
		ADDED from AndroidManifest.xml:129:27
service#com.power2sme.android.GCMIntentService
ADDED from AndroidManifest.xml:132:9
	android:name
		ADDED from AndroidManifest.xml:132:18
service#com.google.android.gms.analytics.CampaignTrackingService
ADDED from AndroidManifest.xml:135:9
	android:name
		ADDED from AndroidManifest.xml:135:18
receiver#com.google.android.gms.analytics.CampaignTrackingReceiver
ADDED from AndroidManifest.xml:136:9
	android:exported
		ADDED from AndroidManifest.xml:137:13
	android:name
		ADDED from AndroidManifest.xml:136:19
intent-filter#com.android.vending.INSTALL_REFERRER
ADDED from AndroidManifest.xml:138:13
action#com.android.vending.INSTALL_REFERRER
ADDED from AndroidManifest.xml:139:17
	android:name
		ADDED from AndroidManifest.xml:139:25
meta-data#com.facebook.sdk.ApplicationId
ADDED from AndroidManifest.xml:143:9
	android:name
		ADDED from AndroidManifest.xml:143:20
	android:value
		ADDED from AndroidManifest.xml:143:66
meta-data#com.crashlytics.ApiKey
ADDED from AndroidManifest.xml:144:9
	android:name
		ADDED from AndroidManifest.xml:145:13
	android:value
		ADDED from AndroidManifest.xml:146:13
meta-data#com.google.android.maps.v2.API_KEY
ADDED from AndroidManifest.xml:149:9
	android:name
		ADDED from AndroidManifest.xml:149:20
	android:value
		ADDED from AndroidManifest.xml:149:70
service#com.appsee.AppseeBackgroundUploader
ADDED from AndroidManifest.xml:151:9
	android:name
		ADDED from AndroidManifest.xml:151:18
uses-sdk
INJECTED from AndroidManifest.xml:0:0 reason: use-sdk injection requested
MERGED from com.android.support:multidex:1.0.0:18:5
MERGED from com.android.support:appcompat-v7:22.2.1:20:5
MERGED from com.android.support:support-v4:22.2.1:20:5
MERGED from com.android.support:support-v4:22.2.1:20:5
MERGED from com.google.android.gms:play-services-plus:7.0.0:18:5
MERGED from com.google.android.gms:play-services-base:7.0.0:18:5
MERGED from com.android.support:support-v4:22.2.1:20:5
MERGED from com.google.android.gms:play-services-analytics:7.0.0:18:5
MERGED from com.google.android.gms:play-services-base:7.0.0:18:5
MERGED from com.android.support:support-v4:22.2.1:20:5
MERGED from com.google.android.gms:play-services-gcm:7.0.0:18:5
MERGED from com.google.android.gms:play-services-base:7.0.0:18:5
MERGED from com.android.support:support-v4:22.2.1:20:5
MERGED from com.google.android.gms:play-services-maps:7.0.0:18:5
MERGED from com.google.android.gms:play-services-base:7.0.0:18:5
MERGED from com.android.support:support-v4:22.2.1:20:5
MERGED from com.crashlytics.sdk.android:crashlytics:2.3.2:7:5
MERGED from com.crashlytics.sdk.android:answers:1.2.2:7:5
MERGED from io.fabric.sdk.android:fabric:1.3.3:23:5
MERGED from io.fabric.sdk.android:fabric:1.3.3:23:5
MERGED from com.crashlytics.sdk.android:crashlytics-core:2.3.2:7:5
MERGED from com.crashlytics.sdk.android:answers:1.2.2:7:5
MERGED from io.fabric.sdk.android:fabric:1.3.3:23:5
MERGED from io.fabric.sdk.android:fabric:1.3.3:23:5
MERGED from com.crashlytics.sdk.android:beta:1.1.2:7:5
MERGED from com.github.johnpersano:supertoasts:1.3.4:3:5
MERGED from com.github.castorflex.smoothprogressbar:library:0.5.2:2:5
MERGED from com.facebook.android:facebook-android-sdk:3.23.1:20:5
MERGED from com.android.support:support-v4:22.2.1:20:5
MERGED from com.malinskiy:superrecyclerview:1.1.0:8:5
MERGED from com.android.support:recyclerview-v7:22.2.1:20:5
MERGED from com.android.support:support-v4:22.2.1:20:5
MERGED from com.h6ah4i.android.widget.advrecyclerview:advrecyclerview:0.7.3:22:5
MERGED from com.android.support:appcompat-v7:22.2.1:20:5
MERGED from com.android.support:support-v4:22.2.1:20:5
MERGED from com.android.support:recyclerview-v7:22.2.1:20:5
MERGED from com.android.support:support-v4:22.2.1:20:5
MERGED from com.amulyakhare:com.amulyakhare.textdrawable:1.0.1:8:5
MERGED from Power2SME:RSSReaderLibrary:unspecified:7:5
MERGED from Power2SME:AFileChooser:unspecified:20:5
MERGED from com.android.support:support-v4:22.2.1:20:5
MERGED from Power2SME:PullToRefreshLibrary:unspecified:7:5
MERGED from Power2SME:LinkedinLibrary:unspecified:7:5
MERGED from com.android.support:support-v4:22.2.1:20:5
	android:targetSdkVersion
		INJECTED from AndroidManifest.xml:0:0
		INJECTED from AndroidManifest.xml:0:0
	android:minSdkVersion
		INJECTED from AndroidManifest.xml:0:0
		INJECTED from AndroidManifest.xml:0:0